<?xml version="1.0" encoding="UTF-8"?>
<!-- Generated by org.testng.reporters.JUnitXMLReporter -->
<testsuite ignored="0" hostname="Rupas-MBP.fios-router.home" failures="5" tests="5" name="Default test" time="18.656" errors="0" timestamp="2022-02-28T18:46:24 EST">
  <testcase classname="demo.Inventory_Updated" name="verifyThatUserCanAddTheProductInToCartSoftAssertion" time="0.0">
    <failure type="org.testng.TestNGException" message="
Parameter &amp;apos;userName&amp;apos; is required by @Test on method verifyThatUserCanAddTheProductInToCartSoftAssertion but has not been marked @Optional or defined
in /private/var/folders/vc/__2c6nmd0cl9sljthkc0qxsc0000gp/T/testng-eclipse--1171156215/testng-customsuite.xml">
      <![CDATA[org.testng.TestNGException: 
Parameter 'userName' is required by @Test on method verifyThatUserCanAddTheProductInToCartSoftAssertion but has not been marked @Optional or defined
in /private/var/folders/vc/__2c6nmd0cl9sljthkc0qxsc0000gp/T/testng-eclipse--1171156215/testng-customsuite.xml
at org.testng.internal.Parameters.createParams(Parameters.java:270)
at org.testng.internal.Parameters.createParametersForMethod(Parameters.java:358)
at org.testng.internal.Parameters.createParameters(Parameters.java:700)
at org.testng.internal.Parameters.handleParameters(Parameters.java:884)
at org.testng.internal.Parameters.handleParameters(Parameters.java:740)
at org.testng.internal.ParameterHandler.handleParameters(ParameterHandler.java:59)
at org.testng.internal.ParameterHandler.createParameters(ParameterHandler.java:38)
at org.testng.internal.TestInvoker$MethodInvocationAgent.invoke(TestInvoker.java:791)
at org.testng.internal.TestInvoker.invokeTestMethods(TestInvoker.java:146)
at org.testng.internal.TestMethodWorker.invokeTestMethods(TestMethodWorker.java:146)
at org.testng.internal.TestMethodWorker.run(TestMethodWorker.java:128)
at java.base/java.util.ArrayList.forEach(ArrayList.java:1511)
at org.testng.TestRunner.privateRun(TestRunner.java:794)
at org.testng.TestRunner.run(TestRunner.java:596)
at org.testng.SuiteRunner.runTest(SuiteRunner.java:377)
at org.testng.SuiteRunner.runSequentially(SuiteRunner.java:371)
at org.testng.SuiteRunner.privateRun(SuiteRunner.java:332)
at org.testng.SuiteRunner.run(SuiteRunner.java:276)
at org.testng.SuiteRunnerWorker.runSuite(SuiteRunnerWorker.java:53)
at org.testng.SuiteRunnerWorker.run(SuiteRunnerWorker.java:96)
at org.testng.TestNG.runSuitesSequentially(TestNG.java:1212)
at org.testng.TestNG.runSuitesLocally(TestNG.java:1134)
at org.testng.TestNG.runSuites(TestNG.java:1063)
at org.testng.TestNG.run(TestNG.java:1031)
at org.testng.remote.AbstractRemoteTestNG.run(AbstractRemoteTestNG.java:115)
at org.testng.remote.RemoteTestNG.initAndRun(RemoteTestNG.java:251)
at org.testng.remote.RemoteTestNG.main(RemoteTestNG.java:77)
]]>
    </failure>
  </testcase> <!-- verifyThatUserCanAddTheProductInToCartSoftAssertion -->
  <testcase classname="demo.Inventory_Updated" name="verifyThatUserCanAddTheProductInToCartHardAssertion" time="14.337">
    <failure type="org.openqa.selenium.SessionNotCreatedException" message="session not created: This version of ChromeDriver only supports Chrome version 93
Current browser version is 98.0.4758.109 with binary path /Applications/Google Chrome.app/Contents/MacOS/Google Chrome
Build info: version: &amp;apos;3.141.59&amp;apos;, revision: &amp;apos;e82be7d358&amp;apos;, time: &amp;apos;2018-11-14T08:25:53&amp;apos;
System info: host: &amp;apos;Rupas-MBP.fios-router.home&amp;apos;, ip: &amp;apos;fe80:0:0:0:1441:ee30:8528:6d31%en0&amp;apos;, os.name: &amp;apos;Mac OS X&amp;apos;, os.arch: &amp;apos;x86_64&amp;apos;, os.version: &amp;apos;11.2&amp;apos;, java.version: &amp;apos;16.0.2&amp;apos;
Driver info: driver.version: ChromeDriver
remote stacktrace: 0   chromedriver                        0x0000000102e7a8a8 chromedriver + 2533544
1   chromedriver                        0x000000010340b0ec chromedriver + 8368364
2   chromedriver                        0x0000000102c37010 chromedriver + 159760
3   chromedriver                        0x0000000102c58c90 chromedriver + 298128
4   chromedriver                        0x0000000102c5577c chromedriver + 284540
5   chromedriver                        0x0000000102c527e0 chromedriver + 272352
6   chromedriver                        0x0000000102c82fa4 chromedriver + 470948
7   chromedriver                        0x0000000102c5b2ec chromedriver + 307948
8   chromedriver                        0x0000000102e477a8 chromedriver + 2324392
9   chromedriver                        0x0000000102e575f8 chromedriver + 2389496
10  chromedriver                        0x0000000102e2e1e8 chromedriver + 2220520
11  chromedriver                        0x0000000102e5852c chromedriver + 2393388
12  chromedriver                        0x0000000102e3df30 chromedriver + 2285360
13  chromedriver                        0x0000000102e6f2c4 chromedriver + 2486980
14  chromedriver                        0x0000000102e6f438 chromedriver + 2487352
15  chromedriver                        0x0000000102e7f248 chromedriver + 2552392
16  libsystem_pthread.dylib             0x00000001b4039240 _pthread_start + 148
17  libsystem_pthread.dylib             0x00000001b4034024 thread_start + 8
">
      <![CDATA[org.openqa.selenium.SessionNotCreatedException: session not created: This version of ChromeDriver only supports Chrome version 93
Current browser version is 98.0.4758.109 with binary path /Applications/Google Chrome.app/Contents/MacOS/Google Chrome
Build info: version: '3.141.59', revision: 'e82be7d358', time: '2018-11-14T08:25:53'
System info: host: 'Rupas-MBP.fios-router.home', ip: 'fe80:0:0:0:1441:ee30:8528:6d31%en0', os.name: 'Mac OS X', os.arch: 'x86_64', os.version: '11.2', java.version: '16.0.2'
Driver info: driver.version: ChromeDriver
remote stacktrace: 0   chromedriver                        0x0000000102e7a8a8 chromedriver + 2533544
1   chromedriver                        0x000000010340b0ec chromedriver + 8368364
2   chromedriver                        0x0000000102c37010 chromedriver + 159760
3   chromedriver                        0x0000000102c58c90 chromedriver + 298128
4   chromedriver                        0x0000000102c5577c chromedriver + 284540
5   chromedriver                        0x0000000102c527e0 chromedriver + 272352
6   chromedriver                        0x0000000102c82fa4 chromedriver + 470948
7   chromedriver                        0x0000000102c5b2ec chromedriver + 307948
8   chromedriver                        0x0000000102e477a8 chromedriver + 2324392
9   chromedriver                        0x0000000102e575f8 chromedriver + 2389496
10  chromedriver                        0x0000000102e2e1e8 chromedriver + 2220520
11  chromedriver                        0x0000000102e5852c chromedriver + 2393388
12  chromedriver                        0x0000000102e3df30 chromedriver + 2285360
13  chromedriver                        0x0000000102e6f2c4 chromedriver + 2486980
14  chromedriver                        0x0000000102e6f438 chromedriver + 2487352
15  chromedriver                        0x0000000102e7f248 chromedriver + 2552392
16  libsystem_pthread.dylib             0x00000001b4039240 _pthread_start + 148
17  libsystem_pthread.dylib             0x00000001b4034024 thread_start + 8

at java.base/jdk.internal.reflect.NativeConstructorAccessorImpl.newInstance0(Native Method)
at java.base/jdk.internal.reflect.NativeConstructorAccessorImpl.newInstance(NativeConstructorAccessorImpl.java:78)
at java.base/jdk.internal.reflect.DelegatingConstructorAccessorImpl.newInstance(DelegatingConstructorAccessorImpl.java:45)
at java.base/java.lang.reflect.Constructor.newInstanceWithCaller(Constructor.java:499)
at java.base/java.lang.reflect.Constructor.newInstance(Constructor.java:480)
at org.openqa.selenium.remote.W3CHandshakeResponse.lambda$errorHandler$0(W3CHandshakeResponse.java:62)
at org.openqa.selenium.remote.HandshakeResponse.lambda$getResponseFunction$0(HandshakeResponse.java:30)
at org.openqa.selenium.remote.ProtocolHandshake.lambda$createSession$0(ProtocolHandshake.java:126)
at java.base/java.util.stream.ReferencePipeline$3$1.accept(ReferencePipeline.java:197)
at java.base/java.util.Spliterators$ArraySpliterator.tryAdvance(Spliterators.java:958)
at java.base/java.util.stream.ReferencePipeline.forEachWithCancel(ReferencePipeline.java:129)
at java.base/java.util.stream.AbstractPipeline.copyIntoWithCancel(AbstractPipeline.java:502)
at java.base/java.util.stream.AbstractPipeline.copyInto(AbstractPipeline.java:488)
at java.base/java.util.stream.AbstractPipeline.wrapAndCopyInto(AbstractPipeline.java:474)
at java.base/java.util.stream.FindOps$FindOp.evaluateSequential(FindOps.java:150)
at java.base/java.util.stream.AbstractPipeline.evaluate(AbstractPipeline.java:234)
at java.base/java.util.stream.ReferencePipeline.findFirst(ReferencePipeline.java:647)
at org.openqa.selenium.remote.ProtocolHandshake.createSession(ProtocolHandshake.java:128)
at org.openqa.selenium.remote.ProtocolHandshake.createSession(ProtocolHandshake.java:74)
at org.openqa.selenium.remote.HttpCommandExecutor.execute(HttpCommandExecutor.java:136)
at org.openqa.selenium.remote.service.DriverCommandExecutor.execute(DriverCommandExecutor.java:83)
at org.openqa.selenium.remote.RemoteWebDriver.execute(RemoteWebDriver.java:552)
at org.openqa.selenium.remote.RemoteWebDriver.startSession(RemoteWebDriver.java:213)
at org.openqa.selenium.remote.RemoteWebDriver.<init>(RemoteWebDriver.java:131)
at org.openqa.selenium.chrome.ChromeDriver.<init>(ChromeDriver.java:181)
at org.openqa.selenium.chrome.ChromeDriver.<init>(ChromeDriver.java:168)
at org.openqa.selenium.chrome.ChromeDriver.<init>(ChromeDriver.java:123)
at demo.Inventory_Updated.verifyThatUserCanAddTheProductInToCartHardAssertion(Inventory_Updated.java:21)
at java.base/jdk.internal.reflect.NativeMethodAccessorImpl.invoke0(Native Method)
at java.base/jdk.internal.reflect.NativeMethodAccessorImpl.invoke(NativeMethodAccessorImpl.java:78)
at java.base/jdk.internal.reflect.DelegatingMethodAccessorImpl.invoke(DelegatingMethodAccessorImpl.java:43)
at java.base/java.lang.reflect.Method.invoke(Method.java:567)
at org.testng.internal.MethodInvocationHelper.invokeMethod(MethodInvocationHelper.java:133)
at org.testng.internal.TestInvoker.invokeMethod(TestInvoker.java:598)
at org.testng.internal.TestInvoker.invokeTestMethod(TestInvoker.java:173)
at org.testng.internal.MethodRunner.runInSequence(MethodRunner.java:46)
at org.testng.internal.TestInvoker$MethodInvocationAgent.invoke(TestInvoker.java:824)
at org.testng.internal.TestInvoker.invokeTestMethods(TestInvoker.java:146)
at org.testng.internal.TestMethodWorker.invokeTestMethods(TestMethodWorker.java:146)
at org.testng.internal.TestMethodWorker.run(TestMethodWorker.java:128)
at java.base/java.util.ArrayList.forEach(ArrayList.java:1511)
at org.testng.TestRunner.privateRun(TestRunner.java:794)
at org.testng.TestRunner.run(TestRunner.java:596)
at org.testng.SuiteRunner.runTest(SuiteRunner.java:377)
at org.testng.SuiteRunner.runSequentially(SuiteRunner.java:371)
at org.testng.SuiteRunner.privateRun(SuiteRunner.java:332)
at org.testng.SuiteRunner.run(SuiteRunner.java:276)
at org.testng.SuiteRunnerWorker.runSuite(SuiteRunnerWorker.java:53)
at org.testng.SuiteRunnerWorker.run(SuiteRunnerWorker.java:96)
at org.testng.TestNG.runSuitesSequentially(TestNG.java:1212)
at org.testng.TestNG.runSuitesLocally(TestNG.java:1134)
at org.testng.TestNG.runSuites(TestNG.java:1063)
at org.testng.TestNG.run(TestNG.java:1031)
at org.testng.remote.AbstractRemoteTestNG.run(AbstractRemoteTestNG.java:115)
at org.testng.remote.RemoteTestNG.initAndRun(RemoteTestNG.java:251)
at org.testng.remote.RemoteTestNG.main(RemoteTestNG.java:77)
]]>
    </failure>
  </testcase> <!-- verifyThatUserCanAddTheProductInToCartHardAssertion -->
  <testcase classname="demo.Inventory_Updated" name="verifyThatUserCanAddTheProductInToCartHardAssertion" time="1.439">
    <failure type="org.openqa.selenium.SessionNotCreatedException" message="session not created: This version of ChromeDriver only supports Chrome version 93
Current browser version is 98.0.4758.109 with binary path /Applications/Google Chrome.app/Contents/MacOS/Google Chrome
Build info: version: &amp;apos;3.141.59&amp;apos;, revision: &amp;apos;e82be7d358&amp;apos;, time: &amp;apos;2018-11-14T08:25:53&amp;apos;
System info: host: &amp;apos;Rupas-MBP.fios-router.home&amp;apos;, ip: &amp;apos;fe80:0:0:0:1441:ee30:8528:6d31%en0&amp;apos;, os.name: &amp;apos;Mac OS X&amp;apos;, os.arch: &amp;apos;x86_64&amp;apos;, os.version: &amp;apos;11.2&amp;apos;, java.version: &amp;apos;16.0.2&amp;apos;
Driver info: driver.version: ChromeDriver
remote stacktrace: 0   chromedriver                        0x000000010522e8a8 chromedriver + 2533544
1   chromedriver                        0x00000001057bf0ec chromedriver + 8368364
2   chromedriver                        0x0000000104feb010 chromedriver + 159760
3   chromedriver                        0x000000010500cc90 chromedriver + 298128
4   chromedriver                        0x000000010500977c chromedriver + 284540
5   chromedriver                        0x00000001050067e0 chromedriver + 272352
6   chromedriver                        0x0000000105036fa4 chromedriver + 470948
7   chromedriver                        0x000000010500f2ec chromedriver + 307948
8   chromedriver                        0x00000001051fb7a8 chromedriver + 2324392
9   chromedriver                        0x000000010520b5f8 chromedriver + 2389496
10  chromedriver                        0x00000001051e21e8 chromedriver + 2220520
11  chromedriver                        0x000000010520c52c chromedriver + 2393388
12  chromedriver                        0x00000001051f1f30 chromedriver + 2285360
13  chromedriver                        0x00000001052232c4 chromedriver + 2486980
14  chromedriver                        0x0000000105223438 chromedriver + 2487352
15  chromedriver                        0x0000000105233248 chromedriver + 2552392
16  libsystem_pthread.dylib             0x00000001b4039240 _pthread_start + 148
17  libsystem_pthread.dylib             0x00000001b4034024 thread_start + 8
">
      <![CDATA[org.openqa.selenium.SessionNotCreatedException: session not created: This version of ChromeDriver only supports Chrome version 93
Current browser version is 98.0.4758.109 with binary path /Applications/Google Chrome.app/Contents/MacOS/Google Chrome
Build info: version: '3.141.59', revision: 'e82be7d358', time: '2018-11-14T08:25:53'
System info: host: 'Rupas-MBP.fios-router.home', ip: 'fe80:0:0:0:1441:ee30:8528:6d31%en0', os.name: 'Mac OS X', os.arch: 'x86_64', os.version: '11.2', java.version: '16.0.2'
Driver info: driver.version: ChromeDriver
remote stacktrace: 0   chromedriver                        0x000000010522e8a8 chromedriver + 2533544
1   chromedriver                        0x00000001057bf0ec chromedriver + 8368364
2   chromedriver                        0x0000000104feb010 chromedriver + 159760
3   chromedriver                        0x000000010500cc90 chromedriver + 298128
4   chromedriver                        0x000000010500977c chromedriver + 284540
5   chromedriver                        0x00000001050067e0 chromedriver + 272352
6   chromedriver                        0x0000000105036fa4 chromedriver + 470948
7   chromedriver                        0x000000010500f2ec chromedriver + 307948
8   chromedriver                        0x00000001051fb7a8 chromedriver + 2324392
9   chromedriver                        0x000000010520b5f8 chromedriver + 2389496
10  chromedriver                        0x00000001051e21e8 chromedriver + 2220520
11  chromedriver                        0x000000010520c52c chromedriver + 2393388
12  chromedriver                        0x00000001051f1f30 chromedriver + 2285360
13  chromedriver                        0x00000001052232c4 chromedriver + 2486980
14  chromedriver                        0x0000000105223438 chromedriver + 2487352
15  chromedriver                        0x0000000105233248 chromedriver + 2552392
16  libsystem_pthread.dylib             0x00000001b4039240 _pthread_start + 148
17  libsystem_pthread.dylib             0x00000001b4034024 thread_start + 8

at java.base/jdk.internal.reflect.NativeConstructorAccessorImpl.newInstance0(Native Method)
at java.base/jdk.internal.reflect.NativeConstructorAccessorImpl.newInstance(NativeConstructorAccessorImpl.java:78)
at java.base/jdk.internal.reflect.DelegatingConstructorAccessorImpl.newInstance(DelegatingConstructorAccessorImpl.java:45)
at java.base/java.lang.reflect.Constructor.newInstanceWithCaller(Constructor.java:499)
at java.base/java.lang.reflect.Constructor.newInstance(Constructor.java:480)
at org.openqa.selenium.remote.W3CHandshakeResponse.lambda$errorHandler$0(W3CHandshakeResponse.java:62)
at org.openqa.selenium.remote.HandshakeResponse.lambda$getResponseFunction$0(HandshakeResponse.java:30)
at org.openqa.selenium.remote.ProtocolHandshake.lambda$createSession$0(ProtocolHandshake.java:126)
at java.base/java.util.stream.ReferencePipeline$3$1.accept(ReferencePipeline.java:197)
at java.base/java.util.Spliterators$ArraySpliterator.tryAdvance(Spliterators.java:958)
at java.base/java.util.stream.ReferencePipeline.forEachWithCancel(ReferencePipeline.java:129)
at java.base/java.util.stream.AbstractPipeline.copyIntoWithCancel(AbstractPipeline.java:502)
at java.base/java.util.stream.AbstractPipeline.copyInto(AbstractPipeline.java:488)
at java.base/java.util.stream.AbstractPipeline.wrapAndCopyInto(AbstractPipeline.java:474)
at java.base/java.util.stream.FindOps$FindOp.evaluateSequential(FindOps.java:150)
at java.base/java.util.stream.AbstractPipeline.evaluate(AbstractPipeline.java:234)
at java.base/java.util.stream.ReferencePipeline.findFirst(ReferencePipeline.java:647)
at org.openqa.selenium.remote.ProtocolHandshake.createSession(ProtocolHandshake.java:128)
at org.openqa.selenium.remote.ProtocolHandshake.createSession(ProtocolHandshake.java:74)
at org.openqa.selenium.remote.HttpCommandExecutor.execute(HttpCommandExecutor.java:136)
at org.openqa.selenium.remote.service.DriverCommandExecutor.execute(DriverCommandExecutor.java:83)
at org.openqa.selenium.remote.RemoteWebDriver.execute(RemoteWebDriver.java:552)
at org.openqa.selenium.remote.RemoteWebDriver.startSession(RemoteWebDriver.java:213)
at org.openqa.selenium.remote.RemoteWebDriver.<init>(RemoteWebDriver.java:131)
at org.openqa.selenium.chrome.ChromeDriver.<init>(ChromeDriver.java:181)
at org.openqa.selenium.chrome.ChromeDriver.<init>(ChromeDriver.java:168)
at org.openqa.selenium.chrome.ChromeDriver.<init>(ChromeDriver.java:123)
at demo.Inventory_Updated.verifyThatUserCanAddTheProductInToCartHardAssertion(Inventory_Updated.java:21)
at java.base/jdk.internal.reflect.NativeMethodAccessorImpl.invoke0(Native Method)
at java.base/jdk.internal.reflect.NativeMethodAccessorImpl.invoke(NativeMethodAccessorImpl.java:78)
at java.base/jdk.internal.reflect.DelegatingMethodAccessorImpl.invoke(DelegatingMethodAccessorImpl.java:43)
at java.base/java.lang.reflect.Method.invoke(Method.java:567)
at org.testng.internal.MethodInvocationHelper.invokeMethod(MethodInvocationHelper.java:133)
at org.testng.internal.TestInvoker.invokeMethod(TestInvoker.java:598)
at org.testng.internal.TestInvoker.invokeTestMethod(TestInvoker.java:173)
at org.testng.internal.MethodRunner.runInSequence(MethodRunner.java:46)
at org.testng.internal.TestInvoker$MethodInvocationAgent.invoke(TestInvoker.java:824)
at org.testng.internal.TestInvoker.invokeTestMethods(TestInvoker.java:146)
at org.testng.internal.TestMethodWorker.invokeTestMethods(TestMethodWorker.java:146)
at org.testng.internal.TestMethodWorker.run(TestMethodWorker.java:128)
at java.base/java.util.ArrayList.forEach(ArrayList.java:1511)
at org.testng.TestRunner.privateRun(TestRunner.java:794)
at org.testng.TestRunner.run(TestRunner.java:596)
at org.testng.SuiteRunner.runTest(SuiteRunner.java:377)
at org.testng.SuiteRunner.runSequentially(SuiteRunner.java:371)
at org.testng.SuiteRunner.privateRun(SuiteRunner.java:332)
at org.testng.SuiteRunner.run(SuiteRunner.java:276)
at org.testng.SuiteRunnerWorker.runSuite(SuiteRunnerWorker.java:53)
at org.testng.SuiteRunnerWorker.run(SuiteRunnerWorker.java:96)
at org.testng.TestNG.runSuitesSequentially(TestNG.java:1212)
at org.testng.TestNG.runSuitesLocally(TestNG.java:1134)
at org.testng.TestNG.runSuites(TestNG.java:1063)
at org.testng.TestNG.run(TestNG.java:1031)
at org.testng.remote.AbstractRemoteTestNG.run(AbstractRemoteTestNG.java:115)
at org.testng.remote.RemoteTestNG.initAndRun(RemoteTestNG.java:251)
at org.testng.remote.RemoteTestNG.main(RemoteTestNG.java:77)
]]>
    </failure>
  </testcase> <!-- verifyThatUserCanAddTheProductInToCartHardAssertion -->
  <testcase classname="demo.Inventory_Updated" name="verifyThatUserCanAddTheProductInToCartHardAssertion" time="1.395">
    <failure type="org.openqa.selenium.SessionNotCreatedException" message="session not created: This version of ChromeDriver only supports Chrome version 93
Current browser version is 98.0.4758.109 with binary path /Applications/Google Chrome.app/Contents/MacOS/Google Chrome
Build info: version: &amp;apos;3.141.59&amp;apos;, revision: &amp;apos;e82be7d358&amp;apos;, time: &amp;apos;2018-11-14T08:25:53&amp;apos;
System info: host: &amp;apos;Rupas-MBP.fios-router.home&amp;apos;, ip: &amp;apos;fe80:0:0:0:1441:ee30:8528:6d31%en0&amp;apos;, os.name: &amp;apos;Mac OS X&amp;apos;, os.arch: &amp;apos;x86_64&amp;apos;, os.version: &amp;apos;11.2&amp;apos;, java.version: &amp;apos;16.0.2&amp;apos;
Driver info: driver.version: ChromeDriver
remote stacktrace: 0   chromedriver                        0x0000000100c468a8 chromedriver + 2533544
1   chromedriver                        0x00000001011d70ec chromedriver + 8368364
2   chromedriver                        0x0000000100a03010 chromedriver + 159760
3   chromedriver                        0x0000000100a24c90 chromedriver + 298128
4   chromedriver                        0x0000000100a2177c chromedriver + 284540
5   chromedriver                        0x0000000100a1e7e0 chromedriver + 272352
6   chromedriver                        0x0000000100a4efa4 chromedriver + 470948
7   chromedriver                        0x0000000100a272ec chromedriver + 307948
8   chromedriver                        0x0000000100c137a8 chromedriver + 2324392
9   chromedriver                        0x0000000100c235f8 chromedriver + 2389496
10  chromedriver                        0x0000000100bfa1e8 chromedriver + 2220520
11  chromedriver                        0x0000000100c2452c chromedriver + 2393388
12  chromedriver                        0x0000000100c09f30 chromedriver + 2285360
13  chromedriver                        0x0000000100c3b2c4 chromedriver + 2486980
14  chromedriver                        0x0000000100c3b438 chromedriver + 2487352
15  chromedriver                        0x0000000100c4b248 chromedriver + 2552392
16  libsystem_pthread.dylib             0x00000001b4039240 _pthread_start + 148
17  libsystem_pthread.dylib             0x00000001b4034024 thread_start + 8
">
      <![CDATA[org.openqa.selenium.SessionNotCreatedException: session not created: This version of ChromeDriver only supports Chrome version 93
Current browser version is 98.0.4758.109 with binary path /Applications/Google Chrome.app/Contents/MacOS/Google Chrome
Build info: version: '3.141.59', revision: 'e82be7d358', time: '2018-11-14T08:25:53'
System info: host: 'Rupas-MBP.fios-router.home', ip: 'fe80:0:0:0:1441:ee30:8528:6d31%en0', os.name: 'Mac OS X', os.arch: 'x86_64', os.version: '11.2', java.version: '16.0.2'
Driver info: driver.version: ChromeDriver
remote stacktrace: 0   chromedriver                        0x0000000100c468a8 chromedriver + 2533544
1   chromedriver                        0x00000001011d70ec chromedriver + 8368364
2   chromedriver                        0x0000000100a03010 chromedriver + 159760
3   chromedriver                        0x0000000100a24c90 chromedriver + 298128
4   chromedriver                        0x0000000100a2177c chromedriver + 284540
5   chromedriver                        0x0000000100a1e7e0 chromedriver + 272352
6   chromedriver                        0x0000000100a4efa4 chromedriver + 470948
7   chromedriver                        0x0000000100a272ec chromedriver + 307948
8   chromedriver                        0x0000000100c137a8 chromedriver + 2324392
9   chromedriver                        0x0000000100c235f8 chromedriver + 2389496
10  chromedriver                        0x0000000100bfa1e8 chromedriver + 2220520
11  chromedriver                        0x0000000100c2452c chromedriver + 2393388
12  chromedriver                        0x0000000100c09f30 chromedriver + 2285360
13  chromedriver                        0x0000000100c3b2c4 chromedriver + 2486980
14  chromedriver                        0x0000000100c3b438 chromedriver + 2487352
15  chromedriver                        0x0000000100c4b248 chromedriver + 2552392
16  libsystem_pthread.dylib             0x00000001b4039240 _pthread_start + 148
17  libsystem_pthread.dylib             0x00000001b4034024 thread_start + 8

at java.base/jdk.internal.reflect.NativeConstructorAccessorImpl.newInstance0(Native Method)
at java.base/jdk.internal.reflect.NativeConstructorAccessorImpl.newInstance(NativeConstructorAccessorImpl.java:78)
at java.base/jdk.internal.reflect.DelegatingConstructorAccessorImpl.newInstance(DelegatingConstructorAccessorImpl.java:45)
at java.base/java.lang.reflect.Constructor.newInstanceWithCaller(Constructor.java:499)
at java.base/java.lang.reflect.Constructor.newInstance(Constructor.java:480)
at org.openqa.selenium.remote.W3CHandshakeResponse.lambda$errorHandler$0(W3CHandshakeResponse.java:62)
at org.openqa.selenium.remote.HandshakeResponse.lambda$getResponseFunction$0(HandshakeResponse.java:30)
at org.openqa.selenium.remote.ProtocolHandshake.lambda$createSession$0(ProtocolHandshake.java:126)
at java.base/java.util.stream.ReferencePipeline$3$1.accept(ReferencePipeline.java:197)
at java.base/java.util.Spliterators$ArraySpliterator.tryAdvance(Spliterators.java:958)
at java.base/java.util.stream.ReferencePipeline.forEachWithCancel(ReferencePipeline.java:129)
at java.base/java.util.stream.AbstractPipeline.copyIntoWithCancel(AbstractPipeline.java:502)
at java.base/java.util.stream.AbstractPipeline.copyInto(AbstractPipeline.java:488)
at java.base/java.util.stream.AbstractPipeline.wrapAndCopyInto(AbstractPipeline.java:474)
at java.base/java.util.stream.FindOps$FindOp.evaluateSequential(FindOps.java:150)
at java.base/java.util.stream.AbstractPipeline.evaluate(AbstractPipeline.java:234)
at java.base/java.util.stream.ReferencePipeline.findFirst(ReferencePipeline.java:647)
at org.openqa.selenium.remote.ProtocolHandshake.createSession(ProtocolHandshake.java:128)
at org.openqa.selenium.remote.ProtocolHandshake.createSession(ProtocolHandshake.java:74)
at org.openqa.selenium.remote.HttpCommandExecutor.execute(HttpCommandExecutor.java:136)
at org.openqa.selenium.remote.service.DriverCommandExecutor.execute(DriverCommandExecutor.java:83)
at org.openqa.selenium.remote.RemoteWebDriver.execute(RemoteWebDriver.java:552)
at org.openqa.selenium.remote.RemoteWebDriver.startSession(RemoteWebDriver.java:213)
at org.openqa.selenium.remote.RemoteWebDriver.<init>(RemoteWebDriver.java:131)
at org.openqa.selenium.chrome.ChromeDriver.<init>(ChromeDriver.java:181)
at org.openqa.selenium.chrome.ChromeDriver.<init>(ChromeDriver.java:168)
at org.openqa.selenium.chrome.ChromeDriver.<init>(ChromeDriver.java:123)
at demo.Inventory_Updated.verifyThatUserCanAddTheProductInToCartHardAssertion(Inventory_Updated.java:21)
at java.base/jdk.internal.reflect.NativeMethodAccessorImpl.invoke0(Native Method)
at java.base/jdk.internal.reflect.NativeMethodAccessorImpl.invoke(NativeMethodAccessorImpl.java:78)
at java.base/jdk.internal.reflect.DelegatingMethodAccessorImpl.invoke(DelegatingMethodAccessorImpl.java:43)
at java.base/java.lang.reflect.Method.invoke(Method.java:567)
at org.testng.internal.MethodInvocationHelper.invokeMethod(MethodInvocationHelper.java:133)
at org.testng.internal.TestInvoker.invokeMethod(TestInvoker.java:598)
at org.testng.internal.TestInvoker.invokeTestMethod(TestInvoker.java:173)
at org.testng.internal.MethodRunner.runInSequence(MethodRunner.java:46)
at org.testng.internal.TestInvoker$MethodInvocationAgent.invoke(TestInvoker.java:824)
at org.testng.internal.TestInvoker.invokeTestMethods(TestInvoker.java:146)
at org.testng.internal.TestMethodWorker.invokeTestMethods(TestMethodWorker.java:146)
at org.testng.internal.TestMethodWorker.run(TestMethodWorker.java:128)
at java.base/java.util.ArrayList.forEach(ArrayList.java:1511)
at org.testng.TestRunner.privateRun(TestRunner.java:794)
at org.testng.TestRunner.run(TestRunner.java:596)
at org.testng.SuiteRunner.runTest(SuiteRunner.java:377)
at org.testng.SuiteRunner.runSequentially(SuiteRunner.java:371)
at org.testng.SuiteRunner.privateRun(SuiteRunner.java:332)
at org.testng.SuiteRunner.run(SuiteRunner.java:276)
at org.testng.SuiteRunnerWorker.runSuite(SuiteRunnerWorker.java:53)
at org.testng.SuiteRunnerWorker.run(SuiteRunnerWorker.java:96)
at org.testng.TestNG.runSuitesSequentially(TestNG.java:1212)
at org.testng.TestNG.runSuitesLocally(TestNG.java:1134)
at org.testng.TestNG.runSuites(TestNG.java:1063)
at org.testng.TestNG.run(TestNG.java:1031)
at org.testng.remote.AbstractRemoteTestNG.run(AbstractRemoteTestNG.java:115)
at org.testng.remote.RemoteTestNG.initAndRun(RemoteTestNG.java:251)
at org.testng.remote.RemoteTestNG.main(RemoteTestNG.java:77)
]]>
    </failure>
  </testcase> <!-- verifyThatUserCanAddTheProductInToCartHardAssertion -->
  <testcase classname="demo.Inventory_Updated" name="verifyThatUserCanAddTheProductInToCartHardAssertion" time="1.376">
    <failure type="org.openqa.selenium.SessionNotCreatedException" message="session not created: This version of ChromeDriver only supports Chrome version 93
Current browser version is 98.0.4758.109 with binary path /Applications/Google Chrome.app/Contents/MacOS/Google Chrome
Build info: version: &amp;apos;3.141.59&amp;apos;, revision: &amp;apos;e82be7d358&amp;apos;, time: &amp;apos;2018-11-14T08:25:53&amp;apos;
System info: host: &amp;apos;Rupas-MBP.fios-router.home&amp;apos;, ip: &amp;apos;fe80:0:0:0:1441:ee30:8528:6d31%en0&amp;apos;, os.name: &amp;apos;Mac OS X&amp;apos;, os.arch: &amp;apos;x86_64&amp;apos;, os.version: &amp;apos;11.2&amp;apos;, java.version: &amp;apos;16.0.2&amp;apos;
Driver info: driver.version: ChromeDriver
remote stacktrace: 0   chromedriver                        0x0000000102eda8a8 chromedriver + 2533544
1   chromedriver                        0x000000010346b0ec chromedriver + 8368364
2   chromedriver                        0x0000000102c97010 chromedriver + 159760
3   chromedriver                        0x0000000102cb8c90 chromedriver + 298128
4   chromedriver                        0x0000000102cb577c chromedriver + 284540
5   chromedriver                        0x0000000102cb27e0 chromedriver + 272352
6   chromedriver                        0x0000000102ce2fa4 chromedriver + 470948
7   chromedriver                        0x0000000102cbb2ec chromedriver + 307948
8   chromedriver                        0x0000000102ea77a8 chromedriver + 2324392
9   chromedriver                        0x0000000102eb75f8 chromedriver + 2389496
10  chromedriver                        0x0000000102e8e1e8 chromedriver + 2220520
11  chromedriver                        0x0000000102eb852c chromedriver + 2393388
12  chromedriver                        0x0000000102e9df30 chromedriver + 2285360
13  chromedriver                        0x0000000102ecf2c4 chromedriver + 2486980
14  chromedriver                        0x0000000102ecf438 chromedriver + 2487352
15  chromedriver                        0x0000000102edf248 chromedriver + 2552392
16  libsystem_pthread.dylib             0x00000001b4039240 _pthread_start + 148
17  libsystem_pthread.dylib             0x00000001b4034024 thread_start + 8
">
      <![CDATA[org.openqa.selenium.SessionNotCreatedException: session not created: This version of ChromeDriver only supports Chrome version 93
Current browser version is 98.0.4758.109 with binary path /Applications/Google Chrome.app/Contents/MacOS/Google Chrome
Build info: version: '3.141.59', revision: 'e82be7d358', time: '2018-11-14T08:25:53'
System info: host: 'Rupas-MBP.fios-router.home', ip: 'fe80:0:0:0:1441:ee30:8528:6d31%en0', os.name: 'Mac OS X', os.arch: 'x86_64', os.version: '11.2', java.version: '16.0.2'
Driver info: driver.version: ChromeDriver
remote stacktrace: 0   chromedriver                        0x0000000102eda8a8 chromedriver + 2533544
1   chromedriver                        0x000000010346b0ec chromedriver + 8368364
2   chromedriver                        0x0000000102c97010 chromedriver + 159760
3   chromedriver                        0x0000000102cb8c90 chromedriver + 298128
4   chromedriver                        0x0000000102cb577c chromedriver + 284540
5   chromedriver                        0x0000000102cb27e0 chromedriver + 272352
6   chromedriver                        0x0000000102ce2fa4 chromedriver + 470948
7   chromedriver                        0x0000000102cbb2ec chromedriver + 307948
8   chromedriver                        0x0000000102ea77a8 chromedriver + 2324392
9   chromedriver                        0x0000000102eb75f8 chromedriver + 2389496
10  chromedriver                        0x0000000102e8e1e8 chromedriver + 2220520
11  chromedriver                        0x0000000102eb852c chromedriver + 2393388
12  chromedriver                        0x0000000102e9df30 chromedriver + 2285360
13  chromedriver                        0x0000000102ecf2c4 chromedriver + 2486980
14  chromedriver                        0x0000000102ecf438 chromedriver + 2487352
15  chromedriver                        0x0000000102edf248 chromedriver + 2552392
16  libsystem_pthread.dylib             0x00000001b4039240 _pthread_start + 148
17  libsystem_pthread.dylib             0x00000001b4034024 thread_start + 8

at java.base/jdk.internal.reflect.NativeConstructorAccessorImpl.newInstance0(Native Method)
at java.base/jdk.internal.reflect.NativeConstructorAccessorImpl.newInstance(NativeConstructorAccessorImpl.java:78)
at java.base/jdk.internal.reflect.DelegatingConstructorAccessorImpl.newInstance(DelegatingConstructorAccessorImpl.java:45)
at java.base/java.lang.reflect.Constructor.newInstanceWithCaller(Constructor.java:499)
at java.base/java.lang.reflect.Constructor.newInstance(Constructor.java:480)
at org.openqa.selenium.remote.W3CHandshakeResponse.lambda$errorHandler$0(W3CHandshakeResponse.java:62)
at org.openqa.selenium.remote.HandshakeResponse.lambda$getResponseFunction$0(HandshakeResponse.java:30)
at org.openqa.selenium.remote.ProtocolHandshake.lambda$createSession$0(ProtocolHandshake.java:126)
at java.base/java.util.stream.ReferencePipeline$3$1.accept(ReferencePipeline.java:197)
at java.base/java.util.Spliterators$ArraySpliterator.tryAdvance(Spliterators.java:958)
at java.base/java.util.stream.ReferencePipeline.forEachWithCancel(ReferencePipeline.java:129)
at java.base/java.util.stream.AbstractPipeline.copyIntoWithCancel(AbstractPipeline.java:502)
at java.base/java.util.stream.AbstractPipeline.copyInto(AbstractPipeline.java:488)
at java.base/java.util.stream.AbstractPipeline.wrapAndCopyInto(AbstractPipeline.java:474)
at java.base/java.util.stream.FindOps$FindOp.evaluateSequential(FindOps.java:150)
at java.base/java.util.stream.AbstractPipeline.evaluate(AbstractPipeline.java:234)
at java.base/java.util.stream.ReferencePipeline.findFirst(ReferencePipeline.java:647)
at org.openqa.selenium.remote.ProtocolHandshake.createSession(ProtocolHandshake.java:128)
at org.openqa.selenium.remote.ProtocolHandshake.createSession(ProtocolHandshake.java:74)
at org.openqa.selenium.remote.HttpCommandExecutor.execute(HttpCommandExecutor.java:136)
at org.openqa.selenium.remote.service.DriverCommandExecutor.execute(DriverCommandExecutor.java:83)
at org.openqa.selenium.remote.RemoteWebDriver.execute(RemoteWebDriver.java:552)
at org.openqa.selenium.remote.RemoteWebDriver.startSession(RemoteWebDriver.java:213)
at org.openqa.selenium.remote.RemoteWebDriver.<init>(RemoteWebDriver.java:131)
at org.openqa.selenium.chrome.ChromeDriver.<init>(ChromeDriver.java:181)
at org.openqa.selenium.chrome.ChromeDriver.<init>(ChromeDriver.java:168)
at org.openqa.selenium.chrome.ChromeDriver.<init>(ChromeDriver.java:123)
at demo.Inventory_Updated.verifyThatUserCanAddTheProductInToCartHardAssertion(Inventory_Updated.java:21)
at java.base/jdk.internal.reflect.NativeMethodAccessorImpl.invoke0(Native Method)
at java.base/jdk.internal.reflect.NativeMethodAccessorImpl.invoke(NativeMethodAccessorImpl.java:78)
at java.base/jdk.internal.reflect.DelegatingMethodAccessorImpl.invoke(DelegatingMethodAccessorImpl.java:43)
at java.base/java.lang.reflect.Method.invoke(Method.java:567)
at org.testng.internal.MethodInvocationHelper.invokeMethod(MethodInvocationHelper.java:133)
at org.testng.internal.TestInvoker.invokeMethod(TestInvoker.java:598)
at org.testng.internal.TestInvoker.invokeTestMethod(TestInvoker.java:173)
at org.testng.internal.MethodRunner.runInSequence(MethodRunner.java:46)
at org.testng.internal.TestInvoker$MethodInvocationAgent.invoke(TestInvoker.java:824)
at org.testng.internal.TestInvoker.invokeTestMethods(TestInvoker.java:146)
at org.testng.internal.TestMethodWorker.invokeTestMethods(TestMethodWorker.java:146)
at org.testng.internal.TestMethodWorker.run(TestMethodWorker.java:128)
at java.base/java.util.ArrayList.forEach(ArrayList.java:1511)
at org.testng.TestRunner.privateRun(TestRunner.java:794)
at org.testng.TestRunner.run(TestRunner.java:596)
at org.testng.SuiteRunner.runTest(SuiteRunner.java:377)
at org.testng.SuiteRunner.runSequentially(SuiteRunner.java:371)
at org.testng.SuiteRunner.privateRun(SuiteRunner.java:332)
at org.testng.SuiteRunner.run(SuiteRunner.java:276)
at org.testng.SuiteRunnerWorker.runSuite(SuiteRunnerWorker.java:53)
at org.testng.SuiteRunnerWorker.run(SuiteRunnerWorker.java:96)
at org.testng.TestNG.runSuitesSequentially(TestNG.java:1212)
at org.testng.TestNG.runSuitesLocally(TestNG.java:1134)
at org.testng.TestNG.runSuites(TestNG.java:1063)
at org.testng.TestNG.run(TestNG.java:1031)
at org.testng.remote.AbstractRemoteTestNG.run(AbstractRemoteTestNG.java:115)
at org.testng.remote.RemoteTestNG.initAndRun(RemoteTestNG.java:251)
at org.testng.remote.RemoteTestNG.main(RemoteTestNG.java:77)
]]>
    </failure>
  </testcase> <!-- verifyThatUserCanAddTheProductInToCartHardAssertion -->
</testsuite> <!-- Default test -->
